[debug] [2023-07-13T07:07:58.828Z] ----------------------------------------------------------------------
[debug] [2023-07-13T07:07:58.830Z] Command:       C:\Program Files\nodejs\node.exe C:\Users\User\AppData\Roaming\npm\node_modules\firebase-tools\lib\bin\firebase.js init hosting
[debug] [2023-07-13T07:07:58.830Z] CLI Version:   12.4.4
[debug] [2023-07-13T07:07:58.831Z] Platform:      win32
[debug] [2023-07-13T07:07:58.831Z] Node Version:  v18.16.1
[debug] [2023-07-13T07:07:58.831Z] Time:          Thu Jul 13 2023 15:07:58 GMT+0800 (Taipei Standard Time)
[debug] [2023-07-13T07:07:58.831Z] ----------------------------------------------------------------------
[debug] 
[debug] [2023-07-13T07:07:58.838Z] > command requires scopes: ["email","openid","https://www.googleapis.com/auth/cloudplatformprojects.readonly","https://www.googleapis.com/auth/firebase","https://www.googleapis.com/auth/cloud-platform"]
[debug] [2023-07-13T07:07:58.838Z] > authorizing via signed-in user (renatoacordo@gmail.com)
[info] 
     ######## #### ########  ######## ########     ###     ######  ########
     ##        ##  ##     ## ##       ##     ##  ##   ##  ##       ##
     ######    ##  ########  ######   ########  #########  ######  ######
     ##        ##  ##    ##  ##       ##     ## ##     ##       ## ##
     ##       #### ##     ## ######## ########  ##     ##  ######  ########

You're about to initialize a Firebase project in this directory:

  C:\xampp\htdocs\telemed

Before we get started, keep in mind:

  * You are currently outside your home directory

[info] 
=== Project Setup
[info] 
[info] First, let's associate this project directory with a Firebase project.
[info] You can create multiple project aliases by running firebase use --add, 
[info] but for now we'll just set up a default project.
[info] 
[debug] [2023-07-13T07:08:33.472Z] ----------------------------------------------------------------------
[debug] [2023-07-13T07:08:33.474Z] Command:       C:\Program Files\nodejs\node.exe C:\Users\User\AppData\Roaming\npm\node_modules\firebase-tools\lib\bin\firebase.js init hosting
[debug] [2023-07-13T07:08:33.475Z] CLI Version:   12.4.4
[debug] [2023-07-13T07:08:33.475Z] Platform:      win32
[debug] [2023-07-13T07:08:33.475Z] Node Version:  v18.16.1
[debug] [2023-07-13T07:08:33.476Z] Time:          Thu Jul 13 2023 15:08:33 GMT+0800 (Taipei Standard Time)
[debug] [2023-07-13T07:08:33.476Z] ----------------------------------------------------------------------
[debug] 
[debug] [2023-07-13T07:08:33.484Z] > command requires scopes: ["email","openid","https://www.googleapis.com/auth/cloudplatformprojects.readonly","https://www.googleapis.com/auth/firebase","https://www.googleapis.com/auth/cloud-platform"]
[debug] [2023-07-13T07:08:33.484Z] > authorizing via signed-in user (renatoacordo@gmail.com)
[info] 
     ######## #### ########  ######## ########     ###     ######  ########
     ##        ##  ##     ## ##       ##     ##  ##   ##  ##       ##
     ######    ##  ########  ######   ########  #########  ######  ######
     ##        ##  ##    ##  ##       ##     ## ##     ##       ## ##
     ##       #### ##     ## ######## ########  ##     ##  ######  ########

You're about to initialize a Firebase project in this directory:

  C:\xampp\htdocs\telemed

Before we get started, keep in mind:

  * You are currently outside your home directory

[info] 
=== Project Setup
[info] 
[info] First, let's associate this project directory with a Firebase project.
[info] You can create multiple project aliases by running firebase use --add, 
[info] but for now we'll just set up a default project.
[info] 
[debug] [2023-07-13T07:09:31.058Z] >>> [apiv2][query] GET https://firebase.googleapis.com/v1beta1/projects pageSize=100
[debug] [2023-07-13T07:09:32.282Z] <<< [apiv2][status] GET https://firebase.googleapis.com/v1beta1/projects 200
[debug] [2023-07-13T07:09:32.283Z] <<< [apiv2][body] GET https://firebase.googleapis.com/v1beta1/projects [omitted]
